# JRE version: OpenJDK Runtime Environment (8.0_322-b06) (build 1.8.0_322-b06)
# Java VM: OpenJDK 64-Bit Server VM (25.322-b06 mixed mode windows-amd64 compressed oops)
Heap:
 PSYoungGen      total 249344K, used 89798K [0x0000000780780000, 0x0000000794700000, 0x00000007c0000000)
  eden space 237056K, 33% used [0x0000000780780000,0x00000007853eeaa8,0x000000078ef00000)
  from space 12288K, 93% used [0x000000078ef00000,0x000000078fa42e20,0x000000078fb00000)
  to   space 13312K, 0% used [0x0000000793a00000,0x0000000793a00000,0x0000000794700000)
 ParOldGen       total 135168K, used 15114K [0x0000000701600000, 0x0000000709a00000, 0x0000000780780000)
  object space 135168K, 11% used [0x0000000701600000,0x00000007024c2890,0x0000000709a00000)
 Metaspace       used 68541K, capacity 73594K, committed 73856K, reserved 1114112K
  class space    used 8914K, capacity 9734K, committed 9856K, reserved 1048576K
GC Heap History (10 events):
Event: 29.902 GC heap before
{Heap before GC invocations=8 (full 2):
 PSYoungGen      total 106496K, used 98304K [0x0000000780780000, 0x000000078bb00000, 0x00000007c0000000)
  eden space 98304K, 100% used [0x0000000780780000,0x0000000786780000,0x0000000786780000)
  from space 8192K, 0% used [0x0000000786780000,0x0000000786780000,0x0000000786f80000)
  to   space 11776K, 0% used [0x000000078af80000,0x000000078af80000,0x000000078bb00000)
 ParOldGen       total 104448K, used 11931K [0x0000000701600000, 0x0000000707c00000, 0x0000000780780000)
  object space 104448K, 11% used [0x0000000701600000,0x00000007021a6e60,0x0000000707c00000)
 Metaspace       used 42370K, capacity 44540K, committed 44800K, reserved 1087488K
  class space    used 5322K, capacity 5764K, committed 5888K, reserved 1048576K
Event: 29.917 GC heap after
Heap after GC invocations=8 (full 2):
 PSYoungGen      total 159744K, used 7313K [0x0000000780780000, 0x000000078b700000, 0x00000007c0000000)
  eden space 152064K, 0% used [0x0000000780780000,0x0000000780780000,0x0000000789c00000)
  from space 7680K, 95% used [0x000000078af80000,0x000000078b6a4690,0x000000078b700000)
  to   space 11264K, 0% used [0x000000078a100000,0x000000078a100000,0x000000078ac00000)
 ParOldGen       total 104448K, used 11939K [0x0000000701600000, 0x0000000707c00000, 0x0000000780780000)
  object space 104448K, 11% used [0x0000000701600000,0x00000007021a8e60,0x0000000707c00000)
 Metaspace       used 42370K, capacity 44540K, committed 44800K, reserved 1087488K
  class space    used 5322K, capacity 5764K, committed 5888K, reserved 1048576K
}
Event: 38.980 GC heap before
{Heap before GC invocations=9 (full 2):
 PSYoungGen      total 159744K, used 159377K [0x0000000780780000, 0x000000078b700000, 0x00000007c0000000)
  eden space 152064K, 100% used [0x0000000780780000,0x0000000789c00000,0x0000000789c00000)
  from space 7680K, 95% used [0x000000078af80000,0x000000078b6a4690,0x000000078b700000)
  to   space 11264K, 0% used [0x000000078a100000,0x000000078a100000,0x000000078ac00000)
 ParOldGen       total 104448K, used 11939K [0x0000000701600000, 0x0000000707c00000, 0x0000000780780000)
  object space 104448K, 11% used [0x0000000701600000,0x00000007021a8e60,0x0000000707c00000)
 Metaspace       used 51490K, capacity 54310K, committed 54528K, reserved 1097728K
  class space    used 6542K, capacity 7114K, committed 7168K, reserved 1048576K
Event: 39.109 GC heap after
Heap after GC invocations=9 (full 2):
 PSYoungGen      total 168448K, used 11234K [0x0000000780780000, 0x0000000790780000, 0x00000007c0000000)
  eden space 157184K, 0% used [0x0000000780780000,0x0000000780780000,0x000000078a100000)
  from space 11264K, 99% used [0x000000078a100000,0x000000078abf8820,0x000000078ac00000)
  to   space 12800K, 0% used [0x000000078fb00000,0x000000078fb00000,0x0000000790780000)
 ParOldGen       total 104448K, used 12551K [0x0000000701600000, 0x0000000707c00000, 0x0000000780780000)
  object space 104448K, 12% used [0x0000000701600000,0x0000000702241f28,0x0000000707c00000)
 Metaspace       used 51490K, capacity 54310K, committed 54528K, reserved 1097728K
  class space    used 6542K, capacity 7114K, committed 7168K, reserved 1048576K
}
Event: 46.119 GC heap before
{Heap before GC invocations=10 (full 2):
 PSYoungGen      total 168448K, used 155424K [0x0000000780780000, 0x0000000790780000, 0x00000007c0000000)
  eden space 157184K, 91% used [0x0000000780780000,0x000000078944f808,0x000000078a100000)
  from space 11264K, 99% used [0x000000078a100000,0x000000078abf8820,0x000000078ac00000)
  to   space 12800K, 0% used [0x000000078fb00000,0x000000078fb00000,0x0000000790780000)
 ParOldGen       total 104448K, used 12551K [0x0000000701600000, 0x0000000707c00000, 0x0000000780780000)
  object space 104448K, 12% used [0x0000000701600000,0x0000000702241f28,0x0000000707c00000)
 Metaspace       used 55390K, capacity 58946K, committed 59008K, reserved 1099776K
  class space    used 7109K, capacity 7802K, committed 7808K, reserved 1048576K
Event: 46.178 GC heap after
Heap after GC invocations=10 (full 2):
 PSYoungGen      total 249856K, used 7690K [0x0000000780780000, 0x0000000790b00000, 0x00000007c0000000)
  eden space 237056K, 0% used [0x0000000780780000,0x0000000780780000,0x000000078ef00000)
  from space 12800K, 60% used [0x000000078fb00000,0x0000000790282ba0,0x0000000790780000)
  to   space 12288K, 0% used [0x000000078ef00000,0x000000078ef00000,0x000000078fb00000)
 ParOldGen       total 104448K, used 12559K [0x0000000701600000, 0x0000000707c00000, 0x0000000780780000)
  object space 104448K, 12% used [0x0000000701600000,0x0000000702243f28,0x0000000707c00000)
 Metaspace       used 55390K, capacity 58946K, committed 59008K, reserved 1099776K
  class space    used 7109K, capacity 7802K, committed 7808K, reserved 1048576K
}
Event: 46.178 GC heap before
{Heap before GC invocations=11 (full 3):
 PSYoungGen      total 249856K, used 7690K [0x0000000780780000, 0x0000000790b00000, 0x00000007c0000000)
  eden space 237056K, 0% used [0x0000000780780000,0x0000000780780000,0x000000078ef00000)
  from space 12800K, 60% used [0x000000078fb00000,0x0000000790282ba0,0x0000000790780000)
  to   space 12288K, 0% used [0x000000078ef00000,0x000000078ef00000,0x000000078fb00000)
 ParOldGen       total 104448K, used 12559K [0x0000000701600000, 0x0000000707c00000, 0x0000000780780000)
  object space 104448K, 12% used [0x0000000701600000,0x0000000702243f28,0x0000000707c00000)
 Metaspace       used 55390K, capacity 58946K, committed 59008K, reserved 1099776K
  class space    used 7109K, capacity 7802K, committed 7808K, reserved 1048576K
Event: 46.549 GC heap after
Heap after GC invocations=11 (full 3):
 PSYoungGen      total 249856K, used 0K [0x0000000780780000, 0x0000000790b00000, 0x00000007c0000000)
  eden space 237056K, 0% used [0x0000000780780000,0x0000000780780000,0x000000078ef00000)
  from space 12800K, 0% used [0x000000078fb00000,0x000000078fb00000,0x0000000790780000)
  to   space 12288K, 0% used [0x000000078ef00000,0x000000078ef00000,0x000000078fb00000)
 ParOldGen       total 135168K, used 15106K [0x0000000701600000, 0x0000000709a00000, 0x0000000780780000)
  object space 135168K, 11% used [0x0000000701600000,0x00000007024c0890,0x0000000709a00000)
 Metaspace       used 55185K, capacity 58610K, committed 59008K, reserved 1099776K
  class space    used 7087K, capacity 7726K, committed 7808K, reserved 1048576K
}
Event: 56.084 GC heap before
{Heap before GC invocations=12 (full 3):
 PSYoungGen      total 249856K, used 237056K [0x0000000780780000, 0x0000000790b00000, 0x00000007c0000000)
  eden space 237056K, 100% used [0x0000000780780000,0x000000078ef00000,0x000000078ef00000)
  from space 12800K, 0% used [0x000000078fb00000,0x000000078fb00000,0x0000000790780000)
  to   space 12288K, 0% used [0x000000078ef00000,0x000000078ef00000,0x000000078fb00000)
 ParOldGen       total 135168K, used 15106K [0x0000000701600000, 0x0000000709a00000, 0x0000000780780000)
  object space 135168K, 11% used [0x0000000701600000,0x00000007024c0890,0x0000000709a00000)
 Metaspace       used 62321K, capacity 66788K, committed 66944K, reserved 1107968K
  class space    used 8007K, capacity 8801K, committed 8832K, reserved 1048576K
Event: 56.129 GC heap after
Heap after GC invocations=12 (full 3):
 PSYoungGen      total 249344K, used 11531K [0x0000000780780000, 0x0000000794700000, 0x00000007c0000000)
  eden space 237056K, 0% used [0x0000000780780000,0x0000000780780000,0x000000078ef00000)
  from space 12288K, 93% used [0x000000078ef00000,0x000000078fa42e20,0x000000078fb00000)
  to   space 13312K, 0% used [0x0000000793a00000,0x0000000793a00000,0x0000000794700000)
 ParOldGen       total 135168K, used 15114K [0x0000000701600000, 0x0000000709a00000, 0x0000000780780000)
  object space 135168K, 11% used [0x0000000701600000,0x00000007024c2890,0x0000000709a00000)
 Metaspace       used 62321K, capacity 66788K, committed 66944K, reserved 1107968K
  class space    used 8007K, capacity 8801K, committed 8832K, reserved 1048576K
}

